0 verbose cli D:\Program Files\nodejs\node.exe C:\Users\CarlosS\AppData\Roaming\npm\node_modules\npm\bin\npm-cli.js
1 info using npm@8.14.0
2 info using node@v14.17.0
3 timing npm:load:whichnode Completed in 1ms
4 timing config:load:defaults Completed in 3ms
5 timing config:load:file:C:\Users\CarlosS\AppData\Roaming\npm\node_modules\npm\npmrc Completed in 39ms
6 timing config:load:builtin Completed in 40ms
7 timing config:load:cli Completed in 6ms
8 timing config:load:env Completed in 2ms
9 timing config:load:file:C:\Users\CarlosS\Desktop\AtividadeTeste\Reforco-labecomerce\AAF-reforco-labe-commerce2\labe-comerce2\.npmrc Completed in 16ms
10 timing config:load:project Completed in 48ms
11 timing config:load:file:C:\Users\CarlosS\.npmrc Completed in 38ms
12 timing config:load:user Completed in 40ms
13 timing config:load:file:C:\Users\CarlosS\AppData\Roaming\npm\etc\npmrc Completed in 3ms
14 timing config:load:global Completed in 6ms
15 timing config:load:validate Completed in 2ms
16 timing config:load:credentials Completed in 3ms
17 timing config:load:setEnvs Completed in 3ms
18 timing config:load Completed in 165ms
19 timing npm:load:configload Completed in 165ms
20 timing npm:load:mkdirpcache Completed in 26ms
21 timing npm:load:mkdirplogs Completed in 117ms
22 verbose title npm run start
23 verbose argv "run" "start"
24 timing npm:load:setTitle Completed in 95ms
25 timing config:load:flatten Completed in 14ms
26 timing npm:load:display Completed in 62ms
27 verbose logfile logs-max:10 dir:C:\Users\CarlosS\Desktop\AtividadeTeste\Reforco-labecomerce\AAF-reforco-labe-commerce2\labe-comerce2\tmpnodejsnpm-cache\_logs
28 verbose logfile C:\Users\CarlosS\Desktop\AtividadeTeste\Reforco-labecomerce\AAF-reforco-labe-commerce2\labe-comerce2\tmpnodejsnpm-cache\_logs\2022-08-04T14_09_35_590Z-debug-0.log
29 timing npm:load:logFile Completed in 14ms
30 timing npm:load:timers Completed in 0ms
31 timing npm:load:configScope Completed in 0ms
32 timing npm:load Completed in 483ms
33 silly logfile done cleaning log files
